season_id 1
original The Amba's swear\nBook 1!
translated Проклятие Амбы
Книга 1
--episode_id 1
--original Ashes
--translated Тлен
--episode_id 2
--original Ritual svayamvara
--translated Обряд сваямвара
--episode_id 3
--original The chase
--translated Погоня
--episode_id 4
--original Hastinapur
--translated Хастинапур
season_id 14
season_id 1
original The Amba's swear\nBook 1!
translated คำสาบานของอัมบา
เล่ม 1
--episode_id 1
--original Ashes
--translated ขี้เถ้า
--episode_id 2
--original Ritual svayamvara
--translated พิธีกรรม svayamvara
--episode_id 3
--original The chase
--translated การไล่ล่า
--episode_id 4
--original Hastinapur
--translated ฮาสตินาปูร์
season_id 14
season_id 1
original The Amba's swear\nBook 1!
translated अंबा की कसम
पुस्तक 1
--episode_id 1
--original Ashes
--translated राख
--episode_id 2
--original Ritual svayamvara
--translated अनुष्ठान स्वयंवर:
--episode_id 3
--original The chase
--translated अनुसरण
--episode_id 4
--original Hastinapur
--translated हस्तिनापुर
season_id 14
Server is running on port 80
Received a request:
HTTP Method: GET
Endpoint: /
Headers: {
  host: '139.84.172.126',
  'user-agent': 'Mozilla/5.0 (iPhone; CPU iPhone OS 16_1 like Mac OS X) AppleWebKit/605.1.15 (KHTML, like Gecko) Version/16.1 Mobile/15E148 Safari/604.1',
  accept: '*/*',
  'accept-encoding': 'gzip'
}
Request Body: {}
Received a request:
HTTP Method: GET
Endpoint: /
Headers: {
  host: '139.84.172.126:80',
  'user-agent': 'Expanse, a Palo Alto Networks company, searches across the global IPv4 space multiple times per day to identify customers&#39; presences on the Internet. If you would like to be excluded from our scans, please send IP addresses/domains to: scaninfo@paloaltonetworks.com'
}
Request Body: {}
Received a request:
HTTP Method: GET
Endpoint: /
Headers: {
  host: '139.84.172.126',
  'user-agent': 'Mozilla/5.0 (iPhone; CPU iPhone OS 16_1 like Mac OS X) AppleWebKit/605.1.15 (KHTML, like Gecko) Version/16.1 Mobile/15E148 Safari/604.1',
  accept: '*/*',
  'accept-encoding': 'gzip'
}
Request Body: {}
Received a request:
HTTP Method: GET
Endpoint: /
Headers: {
  host: '139.84.172.126',
  'user-agent': 'Mozilla/5.0 (Windows NT 10.0; Win64; x64) AppleWebKit/537.36 (KHTML, like Gecko) Chrome/108.0.0.0 Safari/537.36 OPR/94.0.0.0 (Edition Yx GX)',
  accept: '*/*',
  'accept-encoding': 'gzip'
}
Request Body: {}
Received a request:
HTTP Method: GET
Endpoint: /favicon.ico
Headers: {
  host: '139.84.172.126',
  'user-agent': 'Mozilla/5.0 (Windows NT 10.0; rv:102.0) Gecko/20100101 Firefox/102.0',
  accept: '*/*',
  'accept-encoding': 'gzip'
}
Request Body: {}
Received a request:
HTTP Method: GET
Endpoint: /geoserver/web/
Headers: {
  host: '139.84.172.126',
  'user-agent': 'Mozilla/5.0 (Windows NT 10.0; Win64; x64) AppleWebKit/537.36 (KHTML, like Gecko) Chrome/108.0.0.0 Safari/537.36 OPR/94.0.0.0 (Edition Yx GX)',
  accept: '*/*',
  'accept-encoding': 'gzip'
}
Request Body: {}
Received a request:
HTTP Method: GET
Endpoint: /
Headers: {
  host: '139.84.172.126',
  'user-agent': 'Mozilla/5.0 (iPhone; CPU iPhone OS 16_1 like Mac OS X) AppleWebKit/605.1.15 (KHTML, like Gecko) Version/16.1 Mobile/15E148 Safari/604.1',
  accept: '*/*',
  'accept-encoding': 'gzip'
}
Request Body: {}
Received a request:
HTTP Method: GET
Endpoint: /
Headers: {
  'user-agent': 'Mozilla/5.0 (Windows NT 10.0; Win64; x64) AppleWebKit/537.36 (KHTML, like Gecko) Chrome/90.0.4430.85 Safari/537.36 Edg/90.0.818.46',
  'accept-encoding': 'gzip, deflate, gzip, deflate',
  accept: '*/*',
  connection: 'keep-alive',
  'x-requested-with': 'XMLHttpRequest',
  'content-type': 'application/x-www-form-urlencoded; charset=UTF-8',
  'accept-language': 'en US,en;q=0.9,sv;q=0.8',
  host: '139.84.172.126'
}
Request Body: {}
Received a request:
HTTP Method: GET
Endpoint: /
Headers: {
  host: '139.84.172.126',
  'user-agent': 'Mozilla/5.0 (iPhone; CPU iPhone OS 16_1 like Mac OS X) AppleWebKit/605.1.15 (KHTML, like Gecko) Version/16.1 Mobile/15E148 Safari/604.1',
  accept: '*/*',
  'accept-encoding': 'gzip'
}
Request Body: {}
Received a request:
HTTP Method: GET
Endpoint: /
Headers: { host: '139.84.172.126:80' }
Request Body: {}
Received a request:
HTTP Method: GET
Endpoint: /
Headers: {
  host: '139.84.172.126',
  'user-agent': 'Mozilla/5.0 (compatible; CensysInspect/1.1; +https://about.censys.io/)',
  accept: '*/*',
  'accept-encoding': 'gzip'
}
Request Body: {}
Received a request:
HTTP Method: PRI
Endpoint: *
Headers: {}
Request Body: {}
Received a request:
HTTP Method: GET
Endpoint: /favicon.ico
Headers: {
  host: '139.84.172.126',
  'user-agent': 'Mozilla/5.0 (compatible; CensysInspect/1.1; +https://about.censys.io/)',
  'accept-encoding': 'gzip',
  connection: 'close'
}
Request Body: {}
Received a request:
HTTP Method: GET
Endpoint: /
Headers: { host: '139.84.172.126:80' }
Request Body: {}
Received a request:
HTTP Method: GET
Endpoint: /
Headers: {
  host: '139.84.172.126',
  'user-agent': 'Mozilla/5.0 (compatible; CensysInspect/1.1; +https://about.censys.io/)',
  accept: '*/*',
  'accept-encoding': 'gzip'
}
Request Body: {}
Received a request:
HTTP Method: PRI
Endpoint: *
Headers: {}
Request Body: {}
Received a request:
HTTP Method: GET
Endpoint: /favicon.ico
Headers: {
  host: '139.84.172.126',
  'user-agent': 'Mozilla/5.0 (compatible; CensysInspect/1.1; +https://about.censys.io/)',
  'accept-encoding': 'gzip',
  connection: 'close'
}
Request Body: {}
Received a request:
HTTP Method: GET
Endpoint: /
Headers: {
  host: '139.84.172.126',
  'user-agent': 'Mozilla/5.0 (iPhone; CPU iPhone OS 16_1 like Mac OS X) AppleWebKit/605.1.15 (KHTML, like Gecko) Version/16.1 Mobile/15E148 Safari/604.1',
  accept: '*/*',
  'accept-encoding': 'gzip'
}
Request Body: {}
Received a request:
HTTP Method: GET
Endpoint: /
Headers: {
  host: '139.84.172.126',
  'user-agent': 'Mozilla/5.0 (iPhone; CPU iPhone OS 16_1 like Mac OS X) AppleWebKit/605.1.15 (KHTML, like Gecko) Version/16.1 Mobile/15E148 Safari/604.1',
  accept: '*/*',
  'accept-encoding': 'gzip'
}
Request Body: {}
Received a request:
HTTP Method: GET
Endpoint: /
Headers: {
  host: '139.84.172.126:80',
  'user-agent': 'Mozilla/5.0 (Windows NT 6.1; WOW64) AppleWebKit/537.36 (KHTML, like Gecko) Chrome/51.0.2704.103 Safari/537.36',
  'content-length': '0'
}
Request Body: {}
Received a request:
HTTP Method: GET
Endpoint: /
Headers: {
  host: '139.84.172.126',
  'user-agent': 'Mozilla/5.0 (iPhone; CPU iPhone OS 16_1 like Mac OS X) AppleWebKit/605.1.15 (KHTML, like Gecko) Version/16.1 Mobile/15E148 Safari/604.1',
  accept: '*/*',
  'accept-encoding': 'gzip'
}
Request Body: {}
Received a request:
HTTP Method: GET
Endpoint: /manager/html
Headers: {
  host: '139.84.172.126',
  'user-agent': 'Mozilla/5.0 zgrab/0.x',
  accept: '*/*',
  'accept-encoding': 'gzip'
}
Request Body: {}
Received a request:
HTTP Method: GET
Endpoint: /
Headers: {
  host: '139.84.172.126',
  'user-agent': 'Mozilla/5.0 (iPhone; CPU iPhone OS 16_1 like Mac OS X) AppleWebKit/605.1.15 (KHTML, like Gecko) Version/16.1 Mobile/15E148 Safari/604.1',
  accept: '*/*',
  'accept-encoding': 'gzip'
}
Request Body: {}
Received a request:
HTTP Method: GET
Endpoint: /systembc/password.php
Headers: {
  'user-agent': 'Mozilla/5.0 (Macintosh; Intel Mac OS X 10_15_7) AppleWebKit/537.36 (KHTML, like Gecko) Chrome/107.0.0.0 Safari/537.36',
  accept: '*/*'
}
Request Body: {}
Received a request:
HTTP Method: GET
Endpoint: /
Headers: {
  host: '139.84.172.126',
  'user-agent': 'Mozilla/5.0 (iPhone; CPU iPhone OS 16_1 like Mac OS X) AppleWebKit/605.1.15 (KHTML, like Gecko) Version/16.1 Mobile/15E148 Safari/604.1',
  accept: '*/*',
  'accept-encoding': 'gzip'
}
Request Body: {}
Received a request:
HTTP Method: GET
Endpoint: /
Headers: { host: '139.84.172.126', connection: 'Keep-Alive' }
Request Body: {}
Received a request:
HTTP Method: GET
Endpoint: /
Headers: {
  'user-agent': 'Expanse, a Palo Alto Networks company, searches across the global IPv4 space multiple times per day to identify customers&#39; presences on the Internet. If you would like to be excluded from our scans, please send IP addresses/domains to: scaninfo@paloaltonetworks.com',
  accept: '*/*'
}
Request Body: {}
Received a request:
HTTP Method: GET
Endpoint: /
Headers: { host: '139.84.172.126:80' }
Request Body: {}
Received a request:
HTTP Method: GET
Endpoint: /
Headers: {
  host: '139.84.172.126',
  'user-agent': 'Mozilla/5.0 (compatible; CensysInspect/1.1; +https://about.censys.io/)',
  accept: '*/*',
  'accept-encoding': 'gzip'
}
Request Body: {}
Received a request:
HTTP Method: PRI
Endpoint: *
Headers: {}
Request Body: {}
Received a request:
HTTP Method: GET
Endpoint: /favicon.ico
Headers: {
  host: '139.84.172.126',
  'user-agent': 'Mozilla/5.0 (compatible; CensysInspect/1.1; +https://about.censys.io/)',
  'accept-encoding': 'gzip',
  connection: 'close'
}
Request Body: {}
Received a request:
HTTP Method: GET
Endpoint: /
Headers: {
  host: '139.84.172.126',
  'user-agent': 'Mozilla/5.0 (iPhone; CPU iPhone OS 16_1 like Mac OS X) AppleWebKit/605.1.15 (KHTML, like Gecko) Version/16.1 Mobile/15E148 Safari/604.1',
  accept: '*/*',
  'accept-encoding': 'gzip'
}
Request Body: {}
Received a request:
HTTP Method: GET
Endpoint: /
Headers: {
  host: 'dev.mbharata.com',
  connection: 'Keep-Alive',
  'accept-encoding': 'gzip, br',
  'x-forwarded-for': '149.154.161.221',
  'cf-ray': '815ffd1c8e76b8e2-SIN',
  'x-forwarded-proto': 'https',
  'cf-visitor': '{"scheme":"https"}',
  'user-agent': 'TelegramBot (like TwitterBot)',
  'accept-language': 'en-US,en;q=0.5',
  accept: 'text/html,application/xhtml+xml,application/xml;q=0.9,*/*;q=0.8',
  cookie: 'euConsent=true; BCPermissionLevel=PERSONAL; BC_GDPR=11111; fhCookieConsent=true; gdpr-source=GB; gdpr_consent=YES; beget=begetok; SOCS=CAISNQgEEitib3FfaWRlbnRpdHlmcm9udGVuZHVpc2VydmVyXzIwMjMwNzIzLjA5X3AwGgJlbiACGgYIgMSBpgY',
  'cdn-loop': 'cloudflare',
  'cf-connecting-ip': '149.154.161.221',
  'cf-ipcountry': 'GB'
}
Request Body: {}
Received a request:
HTTP Method: GET
Endpoint: /
Headers: {
  host: '139.84.172.126',
  'user-agent': 'Mozilla/5.0 (iPhone; CPU iPhone OS 16_1 like Mac OS X) AppleWebKit/605.1.15 (KHTML, like Gecko) Version/16.1 Mobile/15E148 Safari/604.1',
  accept: '*/*',
  'accept-encoding': 'gzip'
}
Request Body: {}
Received a request:
HTTP Method: GET
Endpoint: /
Headers: {
  host: '139.84.172.126:80',
  'user-agent': 'Expanse, a Palo Alto Networks company, searches across the global IPv4 space multiple times per day to identify customers&#39; presences on the Internet. If you would like to be excluded from our scans, please send IP addresses/domains to: scaninfo@paloaltonetworks.com'
}
Request Body: {}
Received a request:
HTTP Method: GET
Endpoint: /
Headers: {
  host: '139.84.172.126',
  'user-agent': 'Mozilla/5.0 (Windows NT 10.0; Win64; x64) AppleWebKit/537.36 (KHTML, like Gecko) Chrome/88.0.4324.190 Safari/537.36',
  accept: '*/*',
  'accept-encoding': 'gzip'
}
Request Body: {}
Received a request:
HTTP Method: GET
Endpoint: /
Headers: {
  host: '139.84.172.126',
  'user-agent': 'Mozilla/5.0 (iPhone; CPU iPhone OS 16_1 like Mac OS X) AppleWebKit/605.1.15 (KHTML, like Gecko) Version/16.1 Mobile/15E148 Safari/604.1',
  accept: '*/*',
  'accept-encoding': 'gzip'
}
Request Body: {}
Received a request:
HTTP Method: GET
Endpoint: /portal/redlion
Headers: {
  host: '139.84.172.126',
  'user-agent': 'Mozilla/5.0 zgrab/0.x',
  accept: '*/*',
  'accept-encoding': 'gzip'
}
Request Body: {}
Received a request:
HTTP Method: GET
Endpoint: /
Headers: {
  host: '139.84.172.126',
  'user-agent': 'Mozilla/5.0 (iPhone; CPU iPhone OS 16_1 like Mac OS X) AppleWebKit/605.1.15 (KHTML, like Gecko) Version/16.1 Mobile/15E148 Safari/604.1',
  accept: '*/*',
  'accept-encoding': 'gzip'
}
Request Body: {}
Received a request:
HTTP Method: GET
Endpoint: /
Headers: {
  host: '139.84.172.126',
  'accept-language': 'zh-CN,zh;q=0.9,en;q=0.8,en-GB;q=0.7,en-US;q=0.6'
}
Request Body: {}
Received a request:
HTTP Method: GET
Endpoint: /favicon.ico
Headers: {
  host: '139.84.172.126',
  'user-agent': 'Mozilla/5.0 (Macintosh; Intel Mac OS X 10_7_0) AppleWebKit/535.11 (KHTML, like Gecko) Chrome/17.0.963.56 Safari/535.11',
  'accept-encoding': 'gzip'
}
Request Body: {}
Received a request:
HTTP Method: GET
Endpoint: /robots.txt
Headers: {
  host: '139.84.172.126',
  'user-agent': 'Mozilla/5.0 (Macintosh; Intel Mac OS X 10_7_0) AppleWebKit/535.11 (KHTML, like Gecko) Chrome/17.0.963.56 Safari/535.11',
  'accept-encoding': 'gzip'
}
Request Body: {}
Received a request:
HTTP Method: GET
Endpoint: /sitemap.xml
Headers: {
  host: '139.84.172.126',
  'user-agent': 'Mozilla/5.0 (Macintosh; Intel Mac OS X 10_7_0) AppleWebKit/535.11 (KHTML, like Gecko) Chrome/17.0.963.56 Safari/535.11',
  'accept-encoding': 'gzip'
}
Request Body: {}
Received a request:
HTTP Method: GET
Endpoint: /
Headers: {
  host: '139.84.172.126',
  'user-agent': 'Mozilla/5.0 (iPhone; CPU iPhone OS 16_1 like Mac OS X) AppleWebKit/605.1.15 (KHTML, like Gecko) Version/16.1 Mobile/15E148 Safari/604.1',
  accept: '*/*',
  'accept-encoding': 'gzip'
}
Request Body: {}
Received a request:
HTTP Method: GET
Endpoint: /
Headers: { host: '139.84.172.126:80' }
Request Body: {}
Received a request:
HTTP Method: GET
Endpoint: /
Headers: {
  host: '139.84.172.126',
  'user-agent': 'Mozilla/5.0 (iPhone; CPU iPhone OS 16_1 like Mac OS X) AppleWebKit/605.1.15 (KHTML, like Gecko) Version/16.1 Mobile/15E148 Safari/604.1',
  accept: '*/*',
  'accept-encoding': 'gzip'
}
Request Body: {}
Received a request:
HTTP Method: GET
Endpoint: /
Headers: { host: '139.84.172.126:80', accept: '*/*' }
Request Body: {}
Received a request:
HTTP Method: GET
Endpoint: /
Headers: {
  host: '139.84.172.126',
  'user-agent': 'Mozilla/5.0 (Windows NT 6.1) AppleWebKit/537.36 (KHTML, like Gecko) Chrome/49.0.2623.112 Safari/537.36',
  accept: 'text/html,application/xhtml+xml,application/xml;q=0.9,*/*;q=0.8',
  'accept-charset': 'GBK,utf-8;q=0.7,*;q=0.3',
  'accept-language': 'zh-CN,zh;q=0.8',
  connection: 'close'
}
Request Body: {}
Received a request:
HTTP Method: GET
Endpoint: /favicon.ico
Headers: {
  host: '139.84.172.126',
  'user-agent': 'Mozilla/5.0 (Windows NT 6.1) AppleWebKit/537.36 (KHTML, like Gecko) Chrome/49.0.2623.112 Safari/537.36',
  accept: 'text/html,application/xhtml+xml,application/xml;q=0.9,*/*;q=0.8',
  'accept-charset': 'GBK,utf-8;q=0.7,*;q=0.3',
  'accept-language': 'zh-CN,zh;q=0.8',
  connection: 'close'
}
Request Body: {}
Received a request:
HTTP Method: GET
Endpoint: /
Headers: {
  'user-agent': 'Mozilla/5.0 (Windows NT 10.0; Win64; x64) AppleWebKit/537.36 (KHTML, like Gecko) Chrome/90.0.4430.85 Safari/537.36 Edg/90.0.818.46',
  'accept-encoding': 'gzip, deflate, gzip, deflate',
  accept: '*/*',
  connection: 'keep-alive',
  'x-requested-with': 'XMLHttpRequest',
  'content-type': 'application/x-www-form-urlencoded; charset=UTF-8',
  'accept-language': 'en US,en;q=0.9,sv;q=0.8',
  host: '139.84.172.126'
}
Request Body: {}
Received a request:
HTTP Method: GET
Endpoint: /
Headers: {
  host: '139.84.172.126',
  'user-agent': 'Mozilla/5.0 (iPhone; CPU iPhone OS 16_1 like Mac OS X) AppleWebKit/605.1.15 (KHTML, like Gecko) Version/16.1 Mobile/15E148 Safari/604.1',
  accept: '*/*',
  'accept-encoding': 'gzip'
}
Request Body: {}
Received a request:
HTTP Method: POST
Endpoint: /cgi-bin-igd/netcore_get.cgi
Headers: {
  host: '127.0.0.1',
  'cache-control': 'no cache',
  'content-type': 'application/x-www-form-urlencoded',
  'user-agent': 'Dark',
  accept: '*/*',
  origin: 'http://127.0.0.1',
  referer: 'http://127.0.0.1/index.htm',
  'accept-encoding': 'zh-CN,zh;q=0.9',
  connection: 'close'
}
Request Body: {}
Received a request:
HTTP Method: GET
Endpoint: /
Headers: {
  host: '139.84.172.126',
  'user-agent': 'Mozilla/5.0 (iPhone; CPU iPhone OS 16_1 like Mac OS X) AppleWebKit/605.1.15 (KHTML, like Gecko) Version/16.1 Mobile/15E148 Safari/604.1',
  accept: '*/*',
  'accept-encoding': 'gzip'
}
Request Body: {}
Received a request:
HTTP Method: GET
Endpoint: /bt4R
Headers: {
  host: '139.84.172.126.vultrusercontent.com',
  'user-agent': 'Mozilla/5.0 (compatible; Nmap Scripting Engine; https://nmap.org/book/nse.html)',
  connection: 'close'
}
Request Body: {}
Received a request:
HTTP Method: GET
Endpoint: /Uij5
Headers: {
  host: '139.84.172.126.vultrusercontent.com',
  'user-agent': 'Mozilla/5.0 (compatible; Nmap Scripting Engine; https://nmap.org/book/nse.html)',
  connection: 'close'
}
Request Body: {}
Received a request:
HTTP Method: GET
Endpoint: /
Headers: { host: '139.84.172.126:80' }
Request Body: {}
Received a request:
HTTP Method: GET
Endpoint: /
Headers: {
  host: '139.84.172.126',
  'user-agent': 'Mozilla/5.0 (iPhone; CPU iPhone OS 16_1 like Mac OS X) AppleWebKit/605.1.15 (KHTML, like Gecko) Version/16.1 Mobile/15E148 Safari/604.1',
  accept: '*/*',
  'accept-encoding': 'gzip'
}
Request Body: {}
Received a request:
HTTP Method: GET
Endpoint: /
Headers: { host: '139.84.172.126:80', accept: '*/*' }
Request Body: {}
Received a request:
HTTP Method: GET
Endpoint: /
Headers: { host: '139.84.172.126:80' }
Request Body: {}
Received a request:
HTTP Method: GET
Endpoint: /
Headers: {
  host: '139.84.172.126',
  'user-agent': 'Mozilla/5.0 zgrab/0.x',
  accept: '*/*',
  'accept-encoding': 'gzip'
}
Request Body: {}
Received a request:
HTTP Method: GET
Endpoint: /
Headers: {
  'user-agent': 'Mozilla/5.0 (Windows NT 10.0; Win64; x64) AppleWebKit/537.36 (KHTML, like Gecko) Chrome/90.0.4430.85 Safari/537.36 Edg/90.0.818.46',
  'accept-encoding': 'gzip, deflate, gzip, deflate',
  accept: '*/*',
  connection: 'keep-alive',
  'x-requested-with': 'XMLHttpRequest',
  'content-type': 'application/x-www-form-urlencoded; charset=UTF-8',
  'accept-language': 'en US,en;q=0.9,sv;q=0.8',
  host: '139.84.172.126'
}
Request Body: {}
Received a request:
HTTP Method: GET
Endpoint: /
Headers: {
  host: '139.84.172.126',
  'accept-language': 'zh-CN,zh;q=0.9,en;q=0.8,en-GB;q=0.7,en-US;q=0.6'
}
Request Body: {}
Received a request:
HTTP Method: GET
Endpoint: /favicon.ico
Headers: {
  host: '139.84.172.126',
  'user-agent': 'Mozilla/5.0 (Macintosh; Intel Mac OS X 10_7_0) AppleWebKit/535.11 (KHTML, like Gecko) Chrome/17.0.963.56 Safari/535.11',
  'accept-encoding': 'gzip'
}
Request Body: {}
Received a request:
HTTP Method: GET
Endpoint: /robots.txt
Headers: {
  host: '139.84.172.126',
  'user-agent': 'Mozilla/5.0 (Macintosh; Intel Mac OS X 10_7_0) AppleWebKit/535.11 (KHTML, like Gecko) Chrome/17.0.963.56 Safari/535.11',
  'accept-encoding': 'gzip'
}
Request Body: {}
Received a request:
HTTP Method: GET
Endpoint: /sitemap.xml
Headers: {
  host: '139.84.172.126',
  'user-agent': 'Mozilla/5.0 (Macintosh; Intel Mac OS X 10_7_0) AppleWebKit/535.11 (KHTML, like Gecko) Chrome/17.0.963.56 Safari/535.11',
  'accept-encoding': 'gzip'
}
Request Body: {}
Received a request:
HTTP Method: GET
Endpoint: /
Headers: {
  host: '139.84.172.126',
  'user-agent': 'Mozilla/5.0 (iPhone; CPU iPhone OS 16_1 like Mac OS X) AppleWebKit/605.1.15 (KHTML, like Gecko) Version/16.1 Mobile/15E148 Safari/604.1',
  accept: '*/*',
  'accept-encoding': 'gzip'
}
Request Body: {}
Received a request:
HTTP Method: GET
Endpoint: /
Headers: {
  host: '139.84.172.126',
  'user-agent': 'Mozilla/5.0 (iPhone; CPU iPhone OS 16_1 like Mac OS X) AppleWebKit/605.1.15 (KHTML, like Gecko) Version/16.1 Mobile/15E148 Safari/604.1',
  accept: '*/*',
  'accept-encoding': 'gzip'
}
Request Body: {}
Received a request:
HTTP Method: GET
Endpoint: /
Headers: { host: '139.84.172.126:80' }
Request Body: {}
Received a request:
HTTP Method: GET
Endpoint: /
Headers: {
  host: '139.84.172.126:80',
  'user-agent': 'Expanse, a Palo Alto Networks company, searches across the global IPv4 space multiple times per day to identify customers&#39; presences on the Internet. If you would like to be excluded from our scans, please send IP addresses/domains to: scaninfo@paloaltonetworks.com'
}
Request Body: {}
Received a request:
HTTP Method: GET
Endpoint: /
Headers: {
  host: '139.84.172.126',
  'user-agent': 'Mozilla/5.0 (iPhone; CPU iPhone OS 16_1 like Mac OS X) AppleWebKit/605.1.15 (KHTML, like Gecko) Version/16.1 Mobile/15E148 Safari/604.1',
  accept: '*/*',
  'accept-encoding': 'gzip'
}
Request Body: {}
Received a request:
HTTP Method: GET
Endpoint: /
Headers: {
  'user-agent': 'Mozilla/5.0 (Windows NT 10.0; Win64; x64) AppleWebKit/537.36 (KHTML, like Gecko) Chrome/90.0.4430.85 Safari/537.36 Edg/90.0.818.46',
  'accept-encoding': 'gzip, deflate, gzip, deflate',
  accept: '*/*',
  connection: 'keep-alive',
  'x-requested-with': 'XMLHttpRequest',
  'content-type': 'application/x-www-form-urlencoded; charset=UTF-8',
  'accept-language': 'en US,en;q=0.9,sv;q=0.8',
  host: '139.84.172.126'
}
Request Body: {}
Received a request:
HTTP Method: GET
Endpoint: /
Headers: { host: '139.84.172.126', accept: 'text/plain,text/html' }
Request Body: {}
Received a request:
HTTP Method: GET
Endpoint: /
Headers: {
  'user-agent': 'Mozilla/5.0 (Windows NT 10.0; Win64; x64) AppleWebKit/537.36 (KHTML, like Gecko) Chrome/90.0.4430.85 Safari/537.36 Edg/90.0.818.46',
  'accept-encoding': 'gzip, deflate, gzip, deflate',
  accept: '*/*',
  connection: 'keep-alive',
  'x-requested-with': 'XMLHttpRequest',
  'content-type': 'application/x-www-form-urlencoded; charset=UTF-8',
  'accept-language': 'en US,en;q=0.9,sv;q=0.8',
  host: '139.84.172.126'
}
Request Body: {}
Received a request:
HTTP Method: GET
Endpoint: /
Headers: { host: '139.84.172.126:80' }
Request Body: {}
Received a request:
HTTP Method: GET
Endpoint: /
Headers: { host: '139.84.172.126', accept: 'text/plain,text/html' }
Request Body: {}
Received a request:
HTTP Method: GET
Endpoint: /
Headers: {
  host: '139.84.172.126',
  'user-agent': 'python-requests/2.31.0',
  'accept-encoding': 'gzip, deflate',
  accept: '*/*',
  connection: 'keep-alive',
  'x-datadog-trace-id': '10268787081546312653',
  'x-datadog-parent-id': '5334662077257218052',
  'x-datadog-sampling-priority': '0'
}
Request Body: {}
Received a request:
HTTP Method: GET
Endpoint: /
Headers: {
  host: '139.84.172.126',
  'user-agent': 'Mozilla/5.0 (iPhone; CPU iPhone OS 16_1 like Mac OS X) AppleWebKit/605.1.15 (KHTML, like Gecko) Version/16.1 Mobile/15E148 Safari/604.1',
  accept: '*/*',
  'accept-encoding': 'gzip'
}
Request Body: {}
Received a request:
HTTP Method: GET
Endpoint: /
Headers: { host: '139.84.172.126', accept: 'text/plain,text/html' }
Request Body: {}
Received a request:
HTTP Method: GET
Endpoint: /.env',%20'/core/.env',%20'/app/.env',%20'/public/.env','/laravel/.env','/laravel/core/.env','/beta/.env','/kyc/.env','/admin/.env','/prod/.env','/api/.env
Headers: {
  host: '139.84.172.126',
  'user-agent': 'Mozilla/5.0 (X11; Linux x86_64) AppleWebKit/537.36 (KHTML, like Gecko) Chrome/81.0.4044.129 Safari/537.36',
  'accept-encoding': 'gzip, deflate',
  accept: '*/*',
  connection: 'keep-alive'
}
Request Body: {}
Received a request:
HTTP Method: POST
Endpoint: /
Headers: {
  host: '139.84.172.126',
  'user-agent': 'Mozilla/5.0 (X11; Linux x86_64) AppleWebKit/537.36 (KHTML, like Gecko) Chrome/81.0.4044.129 Safari/537.36',
  'accept-encoding': 'gzip, deflate',
  accept: '*/*',
  connection: 'keep-alive',
  'content-length': '20',
  'content-type': 'application/x-www-form-urlencoded'
}
Request Body: {}
Received a request:
HTTP Method: GET
Endpoint: /
Headers: {
  host: '139.84.172.126',
  'user-agent': 'Mozilla/5.0 (iPhone; CPU iPhone OS 16_1 like Mac OS X) AppleWebKit/605.1.15 (KHTML, like Gecko) Version/16.1 Mobile/15E148 Safari/604.1',
  accept: '*/*',
  'accept-encoding': 'gzip'
}
Request Body: {}
Received a request:
HTTP Method: GET
Endpoint: /
Headers: { host: '139.84.172.126:80' }
Request Body: {}
Received a request:
HTTP Method: GET
Endpoint: /
Headers: {
  host: '139.84.172.126',
  'user-agent': 'Mozilla/5.0 (compatible; CensysInspect/1.1; +https://about.censys.io/)',
  accept: '*/*',
  'accept-encoding': 'gzip'
}
Request Body: {}
Received a request:
HTTP Method: PRI
Endpoint: *
Headers: {}
Request Body: {}
Received a request:
HTTP Method: GET
Endpoint: /favicon.ico
Headers: {
  host: '139.84.172.126',
  'user-agent': 'Mozilla/5.0 (compatible; CensysInspect/1.1; +https://about.censys.io/)',
  'accept-encoding': 'gzip',
  connection: 'close'
}
Request Body: {}
Received a request:
HTTP Method: GET
Endpoint: /
Headers: {
  host: '139.84.172.126',
  'user-agent': 'Mozilla/5.0 (iPhone; CPU iPhone OS 16_1 like Mac OS X) AppleWebKit/605.1.15 (KHTML, like Gecko) Version/16.1 Mobile/15E148 Safari/604.1',
  accept: '*/*',
  'accept-encoding': 'gzip'
}
Request Body: {}
Received a request:
HTTP Method: GET
Endpoint: /
Headers: { host: '139.84.172.126:80' }
Request Body: {}
Received a request:
HTTP Method: GET
Endpoint: /
Headers: {
  host: '139.84.172.126',
  'user-agent': 'Mozilla/5.0 (iPhone; CPU iPhone OS 16_1 like Mac OS X) AppleWebKit/605.1.15 (KHTML, like Gecko) Version/16.1 Mobile/15E148 Safari/604.1',
  accept: '*/*',
  'accept-encoding': 'gzip'
}
Request Body: {}
Received a request:
HTTP Method: GET
Endpoint: /
Headers: {
  host: '139.84.172.126:80',
  'user-agent': 'Mozilla/5.0 (Windows NT 10.0; Win64; x64) AppleWebKit/537.36 (KHTML, like Gecko) Chrome/78.0.3904.108 Safari/537.36',
  'accept-encoding': 'gzip',
  connection: 'close'
}
Request Body: {}
Received a request:
HTTP Method: GET
Endpoint: /console/
Headers: {
  host: '139.84.172.126:80',
  'user-agent': 'Mozilla/5.0 (Windows NT 10.0; Win64; x64) AppleWebKit/537.36 (KHTML, like Gecko) Chrome/78.0.3904.108 Safari/537.36',
  'accept-encoding': 'gzip',
  connection: 'close'
}
Request Body: {}
Received a request:
HTTP Method: GET
Endpoint: /
Headers: {
  host: '139.84.172.126:80',
  'user-agent': 'Mozilla/5.0 (X11; Ubuntu; Linux x86_64; rv:77.0) Gecko/20100101 Firefox/77.0',
  accept: 'text/html,application/xhtml+xml,application/xml;q=0.9,image/webp,*/*;q=0.8',
  'accept-language': 'en-GB,en;q=0.5',
  'accept-encoding': 'gzip, deflate',
  connection: 'close',
  referer: 'http://139.84.172.126:80/left.html',
  'upgrade-insecure-requests': '1'
}
Request Body: {}
Received a request:
HTTP Method: GET
Endpoint: /_ignition/execute-solution
Headers: {
  host: '139.84.172.126:80',
  'user-agent': 'Mozilla/5.0 (Windows NT 10.0; Win64; x64) AppleWebKit/537.36 (KHTML, like Gecko) Chrome/78.0.3904.108 Safari/537.36',
  'content-type': 'application/json',
  'accept-encoding': 'gzip',
  connection: 'close'
}
Request Body: {}
Received a request:
HTTP Method: GET
Endpoint: /
Headers: { host: '139.84.172.126:80' }
Request Body: {}
Received a request:
HTTP Method: GET
Endpoint: /
Headers: {
  host: '139.84.172.126:80',
  'user-agent': 'Mozilla/5.0 (Windows NT 10.0; Win64; x64) AppleWebKit/537.36 (KHTML, like Gecko) Chrome/78.0.3904.108 Safari/537.36',
  'content-type': 'application/json',
  'accept-encoding': 'gzip',
  connection: 'close'
}
Request Body: {}
Received a request:
HTTP Method: GET
Endpoint: /
Headers: {
  host: '139.84.172.126',
  'user-agent': 'Mozilla/5.0 (iPhone; CPU iPhone OS 16_1 like Mac OS X) AppleWebKit/605.1.15 (KHTML, like Gecko) Version/16.1 Mobile/15E148 Safari/604.1',
  accept: '*/*',
  'accept-encoding': 'gzip'
}
Request Body: {}
Received a request:
HTTP Method: GET
Endpoint: /
Headers: {
  host: '139.84.172.126:80',
  'user-agent': 'Mozilla/5.0 (Windows NT 10.0; Win64; x64) AppleWebKit/537.36 (KHTML, like Gecko) Chrome/78.0.3904.108 Safari/537.36',
  'accept-encoding': 'gzip',
  connection: 'close'
}
Request Body: {}
Received a request:
HTTP Method: GET
Endpoint: /actuator/gateway/routes
Headers: {
  host: '139.84.172.126:80',
  'user-agent': 'Mozilla/5.0 (Windows NT 10.0; Win64; x64) AppleWebKit/537.36 (KHTML, like Gecko) Chrome/78.0.3904.108 Safari/537.36',
  'accept-encoding': 'gzip',
  connection: 'close'
}
Request Body: {}
Received a request:
HTTP Method: GET
Endpoint: /geoserver
Headers: {
  host: '139.84.172.126:80',
  'user-agent': 'Mozilla/5.0 (Windows NT 10.0; Win64; x64) AppleWebKit/537.36 (KHTML, like Gecko) Chrome/78.0.3904.108 Safari/537.36',
  'accept-encoding': 'gzip',
  connection: 'close'
}
Request Body: {}
Received a request:
HTTP Method: GET
Endpoint: /
Headers: {
  host: '139.84.172.126:80',
  'user-agent': 'Mozilla/5.0 (X11; Ubuntu; Linux x86_64; rv:76.0) Gecko/20100101 Firefox/76.0',
  accept: 'text/html,application/xhtml+xml,application/xml;q=0.9,image/webp,*/*;q=0.8',
  'accept-language': 'en-GB,en;q=0.5',
  'accept-encoding': 'gzip, deflate',
  connection: 'close',
  'upgrade-insecure-requests': '1'
}
Request Body: {}
Received a request:
HTTP Method: GET
Endpoint: /
Headers: {
  host: '139.84.172.126',
  'user-agent': 'Mozilla/5.0 (iPhone; CPU iPhone OS 16_1 like Mac OS X) AppleWebKit/605.1.15 (KHTML, like Gecko) Version/16.1 Mobile/15E148 Safari/604.1',
  accept: '*/*',
  'accept-encoding': 'gzip'
}
Request Body: {}
Received a request:
HTTP Method: GET
Endpoint: /
Headers: {
  host: '139.84.172.126',
  'user-agent': 'Mozilla/5.0 (Windows NT 10.0; Win64; x64) AppleWebKit/537.36 (KHTML, like Gecko) Chrome/108.0.0.0 Safari/537.36',
  accept: '*/*',
  'accept-encoding': 'gzip'
}
Request Body: {}
Received a request:
HTTP Method: GET
Endpoint: /form.html
Headers: {
  host: '139.84.172.126',
  'user-agent': 'curl/8.1.2',
  accept: '*/*',
  'accept-encoding': 'gzip'
}
Request Body: {}
Received a request:
HTTP Method: GET
Endpoint: /upl.php
Headers: {
  host: '139.84.172.126',
  'user-agent': 'Mozilla/5.0',
  accept: '*/*',
  'accept-encoding': 'gzip'
}
Request Body: {}
Received a request:
HTTP Method: GET
Endpoint: /geoip/
Headers: {
  host: '139.84.172.126',
  'user-agent': 'Mozilla/5.0 (Windows NT 10.0; Win64; x64) AppleWebKit/537.36 (KHTML, like Gecko) Chrome/108.0.0.0 Safari/537.36',
  accept: '*/*',
  'accept-encoding': 'gzip'
}
Request Body: {}
Received a request:
HTTP Method: GET
Endpoint: /
Headers: {
  host: '139.84.172.126',
  'user-agent': 'Mozilla/5.0 (iPhone; CPU iPhone OS 13_3_1 like Mac OS X) AppleWebKit/605.1.15 (KHTML, like Gecko) Version/13.0.5 Mobile/15E148 Snapchat/10.77.0.54 (like Safari/604.1)',
  accept: '*/*',
  'x-id': '2b25f1b5215bfeaf9f6d4df62e1a9b5b',
  'accept-encoding': 'gzip'
}
Request Body: {}
Received a request:
HTTP Method: GET
Endpoint: /favicon.ico
Headers: {
  host: '139.84.172.126',
  'user-agent': 'Mozilla/5.0 (Windows NT 10.0; Win64; x64) AppleWebKit/537.36 (KHTML, like Gecko) Chrome/108.0.0.0 Safari/537.36',
  accept: '*/*',
  'accept-encoding': 'gzip'
}
Request Body: {}
Received a request:
HTTP Method: GET
Endpoint: /1.php
Headers: {
  host: '139.84.172.126',
  'user-agent': 'Mozilla/5.0 (Windows NT 10.0; Win64; x64) AppleWebKit/537.36 (KHTML, like Gecko) Chrome/108.0.0.0 Safari/537.36',
  accept: '*/*',
  'accept-encoding': 'gzip'
}
Request Body: {}
Received a request:
HTTP Method: GET
Endpoint: /bundle.js
Headers: {
  host: '139.84.172.126',
  'user-agent': 'Mozilla/5.0 (Windows NT 10.0; Win64; x64) AppleWebKit/537.36 (KHTML, like Gecko) Chrome/108.0.0.0 Safari/537.36',
  accept: '*/*',
  'accept-encoding': 'gzip'
}
Request Body: {}
Received a request:
HTTP Method: GET
Endpoint: /files/
Headers: {
  host: '139.84.172.126',
  'user-agent': 'Mozilla/5.0 (Windows NT 10.0; Win64; x64) AppleWebKit/537.36 (KHTML, like Gecko) Chrome/108.0.0.0 Safari/537.36',
  accept: '*/*',
  'accept-encoding': 'gzip'
}
Request Body: {}
Received a request:
HTTP Method: GET
Endpoint: /systembc/password.php
Headers: {
  host: '139.84.172.126',
  'user-agent': 'Mozilla/5.0 (Windows NT 10.0; Win64; x64) AppleWebKit/537.36 (KHTML, like Gecko) Chrome/108.0.0.0 Safari/537.36',
  accept: '*/*',
  'accept-encoding': 'gzip'
}
Request Body: {}
Received a request:
HTTP Method: GET
Endpoint: /password.php
Headers: {
  host: '139.84.172.126',
  'user-agent': 'Mozilla/5.0 (Windows NT 10.0; Win64; x64) AppleWebKit/537.36 (KHTML, like Gecko) Chrome/108.0.0.0 Safari/537.36',
  accept: '*/*',
  'accept-encoding': 'gzip'
}
Request Body: {}
Received a request:
HTTP Method: GET
Endpoint: /info.php
Headers: {
  host: '139.84.172.126',
  'user-agent': 'Mozilla/5.0 (Windows NT 10.0; Win64; x64) AppleWebKit/537.36 (KHTML, like Gecko) Chrome/108.0.0.0 Safari/537.36',
  accept: '*/*',
  'accept-encoding': 'gzip'
}
Request Body: {}
Received a request:
HTTP Method: GET
Endpoint: /
Headers: {
  'user-agent': 'Expanse, a Palo Alto Networks company, searches across the global IPv4 space multiple times per day to identify customers&#39; presences on the Internet. If you would like to be excluded from our scans, please send IP addresses/domains to: scaninfo@paloaltonetworks.com',
  accept: '*/*'
}
Request Body: {}
Received a request:
HTTP Method: GET
Endpoint: /
Headers: {
  host: '139.84.172.126',
  'user-agent': 'Mozilla/5.0 (iPhone; CPU iPhone OS 16_1 like Mac OS X) AppleWebKit/605.1.15 (KHTML, like Gecko) Version/16.1 Mobile/15E148 Safari/604.1',
  accept: '*/*',
  'accept-encoding': 'gzip'
}
Request Body: {}
Received a request:
HTTP Method: GET
Endpoint: /
Headers: { host: '139.84.172.126:80' }
Request Body: {}
Received a request:
HTTP Method: GET
Endpoint: /
Headers: {
  host: '139.84.172.126',
  'user-agent': 'Mozilla/5.0 (iPhone; CPU iPhone OS 16_1 like Mac OS X) AppleWebKit/605.1.15 (KHTML, like Gecko) Version/16.1 Mobile/15E148 Safari/604.1',
  accept: '*/*',
  'accept-encoding': 'gzip'
}
Request Body: {}
Received a request:
HTTP Method: GET
Endpoint: /ReportServer
Headers: {
  host: '139.84.172.126',
  'user-agent': 'Mozilla/5.0 zgrab/0.x',
  accept: '*/*',
  'accept-encoding': 'gzip'
}
Request Body: {}
Received a request:
HTTP Method: GET
Endpoint: /
Headers: {
  host: '139.84.172.126',
  'user-agent': 'Mozilla/5.0 (iPhone; CPU iPhone OS 16_1 like Mac OS X) AppleWebKit/605.1.15 (KHTML, like Gecko) Version/16.1 Mobile/15E148 Safari/604.1',
  accept: '*/*',
  'accept-encoding': 'gzip'
}
Request Body: {}
Received a request:
HTTP Method: GET
Endpoint: /.env
Headers: {
  host: '139.84.172.126',
  'user-agent': 'Mozilla/5.0 (X11; Linux x86_64) AppleWebKit/537.36 (KHTML, like Gecko) Chrome/81.0.4044.129 Safari/537.36',
  'accept-encoding': 'gzip, deflate',
  accept: '*/*',
  connection: 'keep-alive'
}
Request Body: {}
Received a request:
HTTP Method: POST
Endpoint: /
Headers: {
  host: '139.84.172.126',
  'user-agent': 'Mozilla/5.0 (X11; Linux x86_64) AppleWebKit/537.36 (KHTML, like Gecko) Chrome/81.0.4044.129 Safari/537.36',
  'accept-encoding': 'gzip, deflate',
  accept: '*/*',
  connection: 'keep-alive',
  'content-length': '17',
  'content-type': 'application/x-www-form-urlencoded'
}
Request Body: {}
Received a request:
HTTP Method: GET
Endpoint: /sendgrid/.env
Headers: {
  host: '139.84.172.126',
  'user-agent': 'Mozilla/5.0 (X11; Linux x86_64) AppleWebKit/537.36 (KHTML, like Gecko) Chrome/81.0.4044.129 Safari/537.36',
  'accept-encoding': 'gzip, deflate',
  accept: '*/*',
  connection: 'keep-alive'
}
Request Body: {}
Received a request:
HTTP Method: POST
Endpoint: /
Headers: {
  host: '139.84.172.126',
  'user-agent': 'Mozilla/5.0 (X11; Linux x86_64) AppleWebKit/537.36 (KHTML, like Gecko) Chrome/81.0.4044.129 Safari/537.36',
  'accept-encoding': 'gzip, deflate',
  accept: '*/*',
  connection: 'keep-alive',
  'content-length': '17',
  'content-type': 'application/x-www-form-urlencoded'
}
Request Body: {}
Received a request:
HTTP Method: GET
Endpoint: /
Headers: {
  host: '139.84.172.126',
  'user-agent': 'Mozilla/5.0 (iPhone; CPU iPhone OS 16_1 like Mac OS X) AppleWebKit/605.1.15 (KHTML, like Gecko) Version/16.1 Mobile/15E148 Safari/604.1',
  accept: '*/*',
  'accept-encoding': 'gzip'
}
Request Body: {}
Received a request:
HTTP Method: GET
Endpoint: /
Headers: { 'user-agent': 'A', accept: '*/*' }
Request Body: {}
Received a request:
HTTP Method: GET
Endpoint: /systembc/password.php
Headers: {
  'user-agent': 'Mozilla/5.0 (Macintosh; Intel Mac OS X 10_15_7) AppleWebKit/537.36 (KHTML, like Gecko) Chrome/107.0.0.0 Safari/537.36',
  accept: '*/*'
}
Request Body: {}
Received a request:
HTTP Method: GET
Endpoint: /
Headers: {
  host: '139.84.172.126',
  'user-agent': 'Mozilla/5.0 (iPhone; CPU iPhone OS 16_1 like Mac OS X) AppleWebKit/605.1.15 (KHTML, like Gecko) Version/16.1 Mobile/15E148 Safari/604.1',
  accept: '*/*',
  'accept-encoding': 'gzip'
}
Request Body: {}
Received a request:
HTTP Method: GET
Endpoint: /
Headers: {
  host: '139.84.172.126',
  connection: 'close',
  'cache-control': 'max-age=0',
  accept: 'text/html,application/xhtml+xml,application/xml;q=0.9,image/avif,image/webp,image/apng,*/*;q=0.8,application/signed-exchange;v=b3;q=0.9',
  'accept-encoding': 'gzip, deflate, br',
  'accept-language': 'en;q=0.9',
  'user-agent': 'Mozilla/5.0 (Windows NT 10.0; Win64; x64) AppleWebKit/537.36 (KHTML, like Gecko) Chrome/94.0.4606.61 Safari/537.36'
}
Request Body: {}
Received a request:
HTTP Method: POST
Endpoint: /
Headers: {
  host: '139.84.172.126',
  connection: 'close',
  'cache-control': 'max-age=0',
  accept: 'text/html,application/xhtml+xml,application/xml;q=0.9,image/avif,image/webp,image/apng,*/*;q=0.8,application/signed-exchange;v=b3;q=0.9',
  'accept-encoding': 'gzip, deflate, br',
  'accept-language': 'en;q=0.9',
  'user-agent': 'Mozilla/5.0 (Windows NT 10.0; Win64; x64) AppleWebKit/537.36 (KHTML, like Gecko) Chrome/94.0.4606.61 Safari/537.36',
  authorization: 'Basic MTdMc3RCVkhSeldkb2JHcFRQMWdaMWsyM3UxZ2ZON3pUcjp4',
  'content-type': 'application/x-www-form-urlencoded',
  'content-length': '44'
}
Request Body: {}
Received a request:
HTTP Method: POST
Endpoint: /
Headers: {
  host: '139.84.172.126',
  connection: 'close',
  'cache-control': 'max-age=0',
  accept: 'text/html,application/xhtml+xml,application/xml;q=0.9,image/avif,image/webp,image/apng,*/*;q=0.8,application/signed-exchange;v=b3;q=0.9',
  'accept-encoding': 'gzip, deflate, br',
  'accept-language': 'en;q=0.9',
  'user-agent': 'Mozilla/5.0 (Windows NT 10.0; Win64; x64) AppleWebKit/537.36 (KHTML, like Gecko) Chrome/94.0.4606.61 Safari/537.36',
  authorization: 'Basic MHhlNGZjZTFhMWFkMzk0OTEzYTFjZGEyNDlhODU0YmZkYTdlMTRmMmJmOng=',
  'content-type': 'application/x-www-form-urlencoded',
  'content-length': '48'
}
Request Body: {}
Received a request:
HTTP Method: GET
Endpoint: /WuEL
Headers: {
  'user-agent': 'Mozilla/5.0 (compatible; MSIE 9.0; Windows NT 6.1; Trident/5.0; ; NCLIENT50_AAPCDA5841E333)',
  host: '139.84.172.126',
  connection: 'close',
  'cache-control': 'no-cache'
}
Request Body: {}
Received a request:
HTTP Method: GET
Endpoint: /a
Headers: {
  host: '139.84.172.126',
  connection: 'close',
  'cache-control': 'max-age=0',
  accept: 'text/html,application/xhtml+xml,application/xml;q=0.9,image/avif,image/webp,image/apng,*/*;q=0.8,application/signed-exchange;v=b3;q=0.9',
  'accept-encoding': 'gzip, deflate, br',
  'accept-language': 'en;q=0.9',
  'user-agent': 'Mozilla/5.0 (Windows NT 10.0; Win64; x64) AppleWebKit/537.36 (KHTML, like Gecko) Chrome/94.0.4606.61 Safari/537.36'
}
Request Body: {}
Received a request:
HTTP Method: GET
Endpoint: /download/file.ext
Headers: {
  host: '139.84.172.126',
  connection: 'close',
  'cache-control': 'max-age=0',
  accept: 'text/html,application/xhtml+xml,application/xml;q=0.9,image/avif,image/webp,image/apng,*/*;q=0.8,application/signed-exchange;v=b3;q=0.9',
  'accept-encoding': 'gzip, deflate, br',
  'accept-language': 'en;q=0.9',
  'user-agent': 'Mozilla/5.0 (Windows NT 10.0; Win64; x64) AppleWebKit/537.36 (KHTML, like Gecko) Chrome/94.0.4606.61 Safari/537.36'
}
Request Body: {}
Received a request:
HTTP Method: GET
Endpoint: /SiteLoader
Headers: {
  host: '139.84.172.126',
  connection: 'close',
  'cache-control': 'max-age=0',
  accept: 'text/html,application/xhtml+xml,application/xml;q=0.9,image/avif,image/webp,image/apng,*/*;q=0.8,application/signed-exchange;v=b3;q=0.9',
  'accept-encoding': 'gzip, deflate, br',
  'accept-language': 'en;q=0.9',
  'user-agent': 'Mozilla/5.0 (Windows NT 10.0; Win64; x64) AppleWebKit/537.36 (KHTML, like Gecko) Chrome/94.0.4606.61 Safari/537.36'
}
Request Body: {}
Received a request:
HTTP Method: GET
Endpoint: /mPlayer
Headers: {
  host: '139.84.172.126',
  connection: 'close',
  'cache-control': 'max-age=0',
  accept: 'text/html,application/xhtml+xml,application/xml;q=0.9,image/avif,image/webp,image/apng,*/*;q=0.8,application/signed-exchange;v=b3;q=0.9',
  'accept-encoding': 'gzip, deflate, br',
  'accept-language': 'en;q=0.9',
  'user-agent': 'Mozilla/5.0 (Windows NT 10.0; Win64; x64) AppleWebKit/537.36 (KHTML, like Gecko) Chrome/94.0.4606.61 Safari/537.36'
}
Request Body: {}
Received a request:
HTTP Method: POST
Endpoint: /
Headers: {
  host: '139.84.172.126',
  connection: 'close',
  'cache-control': 'max-age=0',
  accept: 'text/html,application/xhtml+xml,application/xml;q=0.9,image/avif,image/webp,image/apng,*/*;q=0.8,application/signed-exchange;v=b3;q=0.9',
  'accept-encoding': 'gzip, deflate, br',
  'accept-language': 'en;q=0.9',
  'user-agent': 'Mozilla/5.0 (Windows NT 10.0; Win64; x64) AppleWebKit/537.36 (KHTML, like Gecko) Chrome/94.0.4606.61 Safari/537.36',
  'content-length': '10485761'
}
Request Body: {}
Received a request:
HTTP Method: GET
Endpoint: /
Headers: {
  'user-agent': 'Mozilla/5.0 (Windows NT 10.0; Win64; x64) AppleWebKit/537.36 (KHTML, like Gecko) Chrome/90.0.4430.85 Safari/537.36 Edg/90.0.818.46',
  'accept-encoding': 'gzip, deflate, gzip, deflate',
  accept: '*/*',
  connection: 'keep-alive',
  'x-requested-with': 'XMLHttpRequest',
  'content-type': 'application/x-www-form-urlencoded; charset=UTF-8',
  'accept-language': 'en US,en;q=0.9,sv;q=0.8',
  host: '139.84.172.126'
}
Request Body: {}
Received a request:
HTTP Method: GET
Endpoint: /
Headers: {
  host: '139.84.172.126',
  'user-agent': 'Mozilla/5.0 (iPhone; CPU iPhone OS 16_1 like Mac OS X) AppleWebKit/605.1.15 (KHTML, like Gecko) Version/16.1 Mobile/15E148 Safari/604.1',
  accept: '*/*',
  'accept-encoding': 'gzip'
}
Request Body: {}
Received a request:
HTTP Method: GET
Endpoint: /
Headers: {
  host: '139.84.172.126',
  'user-agent': 'Mozilla/5.0 (iPhone; CPU iPhone OS 16_1 like Mac OS X) AppleWebKit/605.1.15 (KHTML, like Gecko) Version/16.1 Mobile/15E148 Safari/604.1',
  accept: '*/*',
  'accept-encoding': 'gzip'
}
Request Body: {}
Received a request:
HTTP Method: GET
Endpoint: /
Headers: {
  host: '139.84.172.126',
  'user-agent': 'Mozilla/5.0 (X11; Linux x86_64; rv:109.0) Gecko/20100101 Firefox/110.0',
  accept: '*/*',
  'accept-encoding': 'gzip'
}
Request Body: {}
Received a request:
HTTP Method: GET
Endpoint: /favicon.ico
Headers: {
  host: '139.84.172.126',
  'user-agent': 'Mozilla/5.0 (Windows NT 10.0; Win64; x64) AppleWebKit/537.36 (KHTML, like Gecko) Chrome/103.0.0.0 Safari/537.36',
  accept: '*/*',
  'accept-encoding': 'gzip'
}
Request Body: {}
Received a request:
HTTP Method: GET
Endpoint: /geoserver/web/
Headers: {
  host: '139.84.172.126',
  'user-agent': 'Mozilla/5.0 (X11; Linux x86_64; rv:109.0) Gecko/20100101 Firefox/110.0',
  accept: '*/*',
  'accept-encoding': 'gzip'
}
Request Body: {}
Received a request:
HTTP Method: GET
Endpoint: /
Headers: {
  host: '139.84.172.126',
  'user-agent': 'Mozilla/5.0 (iPhone; CPU iPhone OS 16_1 like Mac OS X) AppleWebKit/605.1.15 (KHTML, like Gecko) Version/16.1 Mobile/15E148 Safari/604.1',
  accept: '*/*',
  'accept-encoding': 'gzip'
}
Request Body: {}
Received a request:
HTTP Method: GET
Endpoint: /aaa9
Headers: {
  host: '139.84.172.126',
  'user-agent': 'Mozilla/5.0 zgrab/0.x',
  accept: '*/*',
  'accept-encoding': 'gzip'
}
Request Body: {}
Received a request:
HTTP Method: GET
Endpoint: /aab8
Headers: {
  host: '139.84.172.126',
  'user-agent': 'Mozilla/5.0 zgrab/0.x',
  accept: '*/*',
  'accept-encoding': 'gzip'
}
Request Body: {}
Received a request:
HTTP Method: GET
Endpoint: /
Headers: {
  host: '139.84.172.126',
  'user-agent': 'Mozilla/5.0 zgrab/0.x',
  accept: '*/*',
  'accept-encoding': 'gzip'
}
Request Body: {}
Received a request:
HTTP Method: GET
Endpoint: /
Headers: {
  host: '139.84.172.126',
  'user-agent': 'Mozilla/5.0 (iPhone; CPU iPhone OS 16_1 like Mac OS X) AppleWebKit/605.1.15 (KHTML, like Gecko) Version/16.1 Mobile/15E148 Safari/604.1',
  accept: '*/*',
  'accept-encoding': 'gzip'
}
Request Body: {}
Received a request:
HTTP Method: GET
Endpoint: /
Headers: {
  host: '139.84.172.126',
  'user-agent': 'Mozilla/5.0 (iPhone; CPU iPhone OS 16_1 like Mac OS X) AppleWebKit/605.1.15 (KHTML, like Gecko) Version/16.1 Mobile/15E148 Safari/604.1',
  accept: '*/*',
  'accept-encoding': 'gzip'
}
Request Body: {}
Received a request:
HTTP Method: GET
Endpoint: /
Headers: {
  host: '139.84.172.126',
  'user-agent': 'Mozilla/5.0 (iPhone; CPU iPhone OS 16_1 like Mac OS X) AppleWebKit/605.1.15 (KHTML, like Gecko) Version/16.1 Mobile/15E148 Safari/604.1',
  accept: '*/*',
  'accept-encoding': 'gzip'
}
Request Body: {}
Received a request:
HTTP Method: GET
Endpoint: /.env
Headers: {
  host: '139.84.172.126',
  'user-agent': 'Mozilla/5.0 (X11; Linux x86_64) AppleWebKit/537.36 (KHTML, like Gecko) Chrome/81.0.4044.129 Safari/537.36',
  'accept-encoding': 'gzip, deflate',
  accept: '*/*',
  connection: 'keep-alive'
}
Request Body: {}
Received a request:
HTTP Method: GET
Endpoint: /
Headers: {
  host: '139.84.172.126',
  'user-agent': 'Mozilla/5.0 (iPhone; CPU iPhone OS 16_1 like Mac OS X) AppleWebKit/605.1.15 (KHTML, like Gecko) Version/16.1 Mobile/15E148 Safari/604.1',
  accept: '*/*',
  'accept-encoding': 'gzip'
}
Request Body: {}
Received a request:
HTTP Method: GET
Endpoint: /
Headers: { host: '139.84.172.126:80' }
Request Body: {}
Received a request:
HTTP Method: POST
Endpoint: /web_shell_cmd.gch
Headers: {
  host: '139.84.172.126:80',
  'user-agent': 'Mozila/5.0',
  'accept-encoding': 'gzip, deflate',
  accept: '*/*',
  connection: 'keep-alive',
  'content-length': '196',
  'content-type': 'application/x-www-form-urlencoded'
}
Request Body: {}
Received a request:
HTTP Method: POST
Endpoint: /cgi-bin/luci/;stok=/locale
Headers: { 'content-type': 'application/x-www-form-urlencoded' }
Request Body: {}
Received a request:
HTTP Method: POST
Endpoint: /cgi-bin/luci/;stok=/locale
Headers: { 'content-type': 'application/x-www-form-urlencoded' }
Request Body: {}
Received a request:
HTTP Method: GET
Endpoint: /
Headers: {
  host: '139.84.172.126',
  'user-agent': 'Mozilla/5.0 (iPhone; CPU iPhone OS 16_1 like Mac OS X) AppleWebKit/605.1.15 (KHTML, like Gecko) Version/16.1 Mobile/15E148 Safari/604.1',
  accept: '*/*',
  'accept-encoding': 'gzip'
}
Request Body: {}
Received a request:
HTTP Method: OPTIONS
Endpoint: /
Headers: { host: '139.84.172.126' }
Request Body: {}
Received a request:
HTTP Method: GET
Endpoint: /
Headers: {
  host: '139.84.172.126:80',
  'user-agent': 'Mozilla/5.0 (Windows NT 6.1; WOW64) AppleWebKit/537.36 (KHTML, like Gecko) Chrome/52.0.2743.116 Safari/537.36',
  'content-length': '0'
}
Request Body: {}
Received a request:
HTTP Method: GET
Endpoint: /
Headers: {
  host: '139.84.172.126',
  'user-agent': 'Mozilla/5.0 (compatible; InternetMeasurement/1.0; +https://internet-measurement.com/)',
  connection: 'close',
  accept: '*/*',
  'accept-encoding': 'gzip'
}
Request Body: {}
Received a request:
HTTP Method: GET
Endpoint: /
Headers: {
  host: '139.84.172.126',
  'user-agent': 'Mozilla/5.0 (iPhone; CPU iPhone OS 16_1 like Mac OS X) AppleWebKit/605.1.15 (KHTML, like Gecko) Version/16.1 Mobile/15E148 Safari/604.1',
  accept: '*/*',
  'accept-encoding': 'gzip'
}
Request Body: {}
Received a request:
HTTP Method: GET
Endpoint: /
Headers: {
  host: '139.84.172.126',
  'accept-language': 'zh-CN,zh;q=0.9,en;q=0.8,en-GB;q=0.7,en-US;q=0.6'
}
Request Body: {}
Received a request:
HTTP Method: GET
Endpoint: /favicon.ico
Headers: {
  host: '139.84.172.126',
  'user-agent': 'Mozilla/5.0 (Macintosh; Intel Mac OS X 10_7_0) AppleWebKit/535.11 (KHTML, like Gecko) Chrome/17.0.963.56 Safari/535.11',
  'accept-encoding': 'gzip'
}
Request Body: {}
Received a request:
HTTP Method: GET
Endpoint: /robots.txt
Headers: {
  host: '139.84.172.126',
  'user-agent': 'Mozilla/5.0 (Macintosh; Intel Mac OS X 10_7_0) AppleWebKit/535.11 (KHTML, like Gecko) Chrome/17.0.963.56 Safari/535.11',
  'accept-encoding': 'gzip'
}
Request Body: {}
Received a request:
HTTP Method: GET
Endpoint: /sitemap.xml
Headers: {
  host: '139.84.172.126',
  'user-agent': 'Mozilla/5.0 (Macintosh; Intel Mac OS X 10_7_0) AppleWebKit/535.11 (KHTML, like Gecko) Chrome/17.0.963.56 Safari/535.11',
  'accept-encoding': 'gzip'
}
Request Body: {}
Received a request:
HTTP Method: GET
Endpoint: /
Headers: { host: '139.84.172.126:80' }
Request Body: {}
Received a request:
HTTP Method: GET
Endpoint: /
Headers: {
  host: '139.84.172.126',
  'user-agent': 'Mozilla/5.0 (iPhone; CPU iPhone OS 16_1 like Mac OS X) AppleWebKit/605.1.15 (KHTML, like Gecko) Version/16.1 Mobile/15E148 Safari/604.1',
  accept: '*/*',
  'accept-encoding': 'gzip'
}
Request Body: {}
Received a request:
HTTP Method: GET
Endpoint: /
Headers: { host: '139.84.172.126:80' }
Request Body: {}
Received a request:
HTTP Method: GET
Endpoint: /
Headers: {
  'user-agent': 'Mozilla/5.0 (Windows NT 10.0; Win64; x64) AppleWebKit/537.36 (KHTML, like Gecko) Chrome/90.0.4430.85 Safari/537.36 Edg/90.0.818.46',
  'accept-encoding': 'gzip, deflate, gzip, deflate',
  accept: '*/*',
  connection: 'keep-alive',
  'x-requested-with': 'XMLHttpRequest',
  'content-type': 'application/x-www-form-urlencoded; charset=UTF-8',
  'accept-language': 'en US,en;q=0.9,sv;q=0.8',
  host: '139.84.172.126'
}
Request Body: {}
Received a request:
HTTP Method: GET
Endpoint: /boaform/admin/formLogin
Headers: {}
Request Body: {}
Received a request:
HTTP Method: POST
Endpoint: /index.htm
Headers: {
  host: '139.84.172.126',
  'user-agent': 'Mozilla/5.0 (Windows NT 10.0; WOW64) AppleWebKit/537.36 (KHTML, like Gecko) Chrome/72.0.3626.121 Safari/537.36',
  'content-length': '40',
  'content-type': 'application/x-www-form-urlencoded'
}
Request Body: {}
Received a request:
HTTP Method: POST
Endpoint: /FD873AC4-CF86-4FED-84EC-4BD59C6F17A7
Headers: {
  host: '139.84.172.126',
  'user-agent': 'Mozilla/4.0 (compatible; MSIE 6.0; Windows NT 5.1)',
  'content-length': '40',
  accept: '*/*',
  'cache-control': 'no-cache',
  connection: 'Keep-Alive'
}
Request Body: {}
Received a request:
HTTP Method: GET
Endpoint: /
Headers: {
  host: '139.84.172.126',
  'user-agent': 'Mozilla/5.0 (iPhone; CPU iPhone OS 16_1 like Mac OS X) AppleWebKit/605.1.15 (KHTML, like Gecko) Version/16.1 Mobile/15E148 Safari/604.1',
  accept: '*/*',
  'accept-encoding': 'gzip'
}
Request Body: {}
Received a request:
HTTP Method: GET
Endpoint: /
Headers: {
  'user-agent': 'Mozilla/5.0 (Windows NT 10.0; Win64; x64) AppleWebKit/537.36 (KHTML, like Gecko) Chrome/90.0.4430.85 Safari/537.36 Edg/90.0.818.46',
  'accept-encoding': 'gzip, deflate, gzip, deflate',
  accept: '*/*',
  connection: 'keep-alive',
  'x-requested-with': 'XMLHttpRequest',
  'content-type': 'application/x-www-form-urlencoded; charset=UTF-8',
  'accept-language': 'en US,en;q=0.9,sv;q=0.8',
  host: '139.84.172.126'
}
Request Body: {}
Received a request:
HTTP Method: GET
Endpoint: /
Headers: {
  'accept-encoding': 'identity',
  host: '139.84.172.126:80',
  'user-agent': 'Mozilla/5.0 (Windows NT 10.0; Win64; x64) AppleWebKit/537.36 (KHTML, like Gecko) Chrome/63.0.3239.84 Safari/537.36',
  connection: 'close'
}
Request Body: {}
Received a request:
HTTP Method: GET
Endpoint: /
Headers: { host: '139.84.172.126:80' }
Request Body: {}
Received a request:
HTTP Method: GET
Endpoint: /
Headers: {
  host: '139.84.172.126',
  'user-agent': 'Mozilla/5.0 (iPhone; CPU iPhone OS 16_1 like Mac OS X) AppleWebKit/605.1.15 (KHTML, like Gecko) Version/16.1 Mobile/15E148 Safari/604.1',
  accept: '*/*',
  'accept-encoding': 'gzip'
}
Request Body: {}
Received a request:
HTTP Method: GET
Endpoint: /
Headers: {
  host: '139.84.172.126',
  'user-agent': 'Mozilla/5.0 (iPhone; CPU iPhone OS 16_1 like Mac OS X) AppleWebKit/605.1.15 (KHTML, like Gecko) Version/16.1 Mobile/15E148 Safari/604.1',
  accept: '*/*',
  'accept-encoding': 'gzip'
}
Request Body: {}
Received a request:
HTTP Method: GET
Endpoint: /
Headers: {
  host: '139.84.172.126',
  'user-agent': 'Mozilla/5.0 (Windows NT 10.0; Win64; x64) AppleWebKit/537.36 (KHTML, like Gecko) Chrome/74.0.3729.131 Safari/537.36',
  accept: '*/*',
  'accept-encoding': 'gzip'
}
Request Body: {}
Received a request:
HTTP Method: GET
Endpoint: /
Headers: {
  host: '139.84.172.126',
  'user-agent': 'Mozilla/5.0 (iPhone; CPU iPhone OS 16_1 like Mac OS X) AppleWebKit/605.1.15 (KHTML, like Gecko) Version/16.1 Mobile/15E148 Safari/604.1',
  accept: '*/*',
  'accept-encoding': 'gzip'
}
Request Body: {}
Received a request:
HTTP Method: GET
Endpoint: /
Headers: {
  host: '139.84.172.126',
  'user-agent': 'Mozilla/5.0 (iPhone; CPU iPhone OS 16_1 like Mac OS X) AppleWebKit/605.1.15 (KHTML, like Gecko) Version/16.1 Mobile/15E148 Safari/604.1',
  accept: '*/*',
  'accept-encoding': 'gzip'
}
Request Body: {}
Received a request:
HTTP Method: GET
Endpoint: /
Headers: { host: '139.84.172.126:80' }
Request Body: {}
Received a request:
HTTP Method: GET
Endpoint: /
Headers: {
  host: '139.84.172.126',
  'user-agent': 'Mozilla/5.0 (compatible; CensysInspect/1.1; +https://about.censys.io/)',
  accept: '*/*',
  'accept-encoding': 'gzip'
}
Request Body: {}
Received a request:
HTTP Method: PRI
Endpoint: *
Headers: {}
Request Body: {}
Received a request:
HTTP Method: GET
Endpoint: /favicon.ico
Headers: {
  host: '139.84.172.126',
  'user-agent': 'Mozilla/5.0 (compatible; CensysInspect/1.1; +https://about.censys.io/)',
  'accept-encoding': 'gzip',
  connection: 'close'
}
Request Body: {}
Received a request:
HTTP Method: GET
Endpoint: /
Headers: {
  host: '139.84.172.126',
  'user-agent': 'Mozilla/5.0 (iPhone; CPU iPhone OS 16_1 like Mac OS X) AppleWebKit/605.1.15 (KHTML, like Gecko) Version/16.1 Mobile/15E148 Safari/604.1',
  accept: '*/*',
  'accept-encoding': 'gzip'
}
Request Body: {}
Received a request:
HTTP Method: GET
Endpoint: /
Headers: {
  host: '139.84.172.126:80',
  'user-agent': 'Mozilla/5.0 (Macintosh; Intel Mac OS X 10_11_6) AppleWebKit/601.7.7 (KHTML, like Gecko) Version/9.1.2 Safari/601.7.7',
  'content-length': '0'
}
Request Body: {}
Received a request:
HTTP Method: GET
Endpoint: /
Headers: { host: '139.84.172.126:80' }
Request Body: {}
Received a request:
HTTP Method: GET
Endpoint: /
Headers: {
  host: '139.84.172.126',
  'user-agent': 'Mozilla/5.0 (iPhone; CPU iPhone OS 16_1 like Mac OS X) AppleWebKit/605.1.15 (KHTML, like Gecko) Version/16.1 Mobile/15E148 Safari/604.1',
  accept: '*/*',
  'accept-encoding': 'gzip'
}
Request Body: {}
Received a request:
HTTP Method: GET
Endpoint: /
Headers: {
  'user-agent': 'Mozilla/5.0 (Windows NT 10.0; Win64; x64) AppleWebKit/537.36 (KHTML, like Gecko) Chrome/90.0.4430.85 Safari/537.36 Edg/90.0.818.46',
  'accept-encoding': 'gzip, deflate, gzip, deflate',
  accept: '*/*',
  connection: 'keep-alive',
  'x-requested-with': 'XMLHttpRequest',
  'content-type': 'application/x-www-form-urlencoded; charset=UTF-8',
  'accept-language': 'en US,en;q=0.9,sv;q=0.8',
  host: '139.84.172.126'
}
Request Body: {}
Received a request:
HTTP Method: GET
Endpoint: /
Headers: {
  host: '139.84.172.126',
  'user-agent': 'Mozilla/5.0 (iPhone; CPU iPhone OS 16_1 like Mac OS X) AppleWebKit/605.1.15 (KHTML, like Gecko) Version/16.1 Mobile/15E148 Safari/604.1',
  accept: '*/*',
  'accept-encoding': 'gzip'
}
Request Body: {}
Received a request:
HTTP Method: GET
Endpoint: /
Headers: {
  'user-agent': 'Mozilla/5.0 (Windows NT 10.0; Win64; x64) AppleWebKit/537.36 (KHTML, like Gecko) Chrome/90.0.4430.85 Safari/537.36 Edg/90.0.818.46',
  'accept-encoding': 'gzip, deflate, gzip, deflate',
  accept: '*/*',
  connection: 'keep-alive',
  'x-requested-with': 'XMLHttpRequest',
  'content-type': 'application/x-www-form-urlencoded; charset=UTF-8',
  'accept-language': 'en US,en;q=0.9,sv;q=0.8',
  host: '139.84.172.126'
}
Request Body: {}
Received a request:
HTTP Method: GET
Endpoint: /
Headers: { host: '139.84.172.126:80' }
Request Body: {}
Received a request:
HTTP Method: GET
Endpoint: /
Headers: {
  'user-agent': 'Mozilla/5.0 (Windows NT 10.0; Win64; x64) AppleWebKit/537.36 (KHTML, like Gecko) Chrome/90.0.4430.85 Safari/537.36 Edg/90.0.818.46',
  'accept-encoding': 'gzip, deflate, gzip, deflate',
  accept: '*/*',
  connection: 'keep-alive',
  'x-requested-with': 'XMLHttpRequest',
  'content-type': 'application/x-www-form-urlencoded; charset=UTF-8',
  'accept-language': 'en US,en;q=0.9,sv;q=0.8',
  host: '139.84.172.126'
}
Request Body: {}
Received a request:
HTTP Method: GET
Endpoint: /
Headers: {
  host: '139.84.172.126:80',
  'user-agent': 'Mozilla/5.0 (Windows NT 10.0; Win64; x64) AppleWebKit/537.36 (KHTML, like Gecko) Chrome/78.0.3904.108 Safari/537.36',
  'accept-encoding': 'gzip',
  connection: 'close'
}
Request Body: {}
Received a request:
HTTP Method: GET
Endpoint: /
Headers: {
  host: '139.84.172.126',
  'user-agent': 'Mozilla/5.0 (iPhone; CPU iPhone OS 16_1 like Mac OS X) AppleWebKit/605.1.15 (KHTML, like Gecko) Version/16.1 Mobile/15E148 Safari/604.1',
  accept: '*/*',
  'accept-encoding': 'gzip'
}
Request Body: {}
sudo: unable to execute /usr/bin/node: Broken pipe
